<?xml version="1.0" encoding="UTF-8"?>
<!-- Generated by org.testng.reporters.JUnitXMLReporter -->
<testsuite ignored="2" hostname="Sangeeta" failures="0" tests="2" name="Test" time="136.755" errors="0" timestamp="2025-09-14T21:21:34 IST">
  <testcase classname="com.ninza.crm.campaigntestpractice.CreateCampaign_OLDTest" name="createCampaignWithExpectedDate" time="55.359"/>
  <testcase classname="com.ninza.crm.campaigntestpractice.CreateCampaign_OLDTest" name="createCampaignWithMandatoryFields" time="81.334"/>
  <testcase classname="com.ninza.crm.campaigntestpractice.CreateCampaign_OLDTest" name="createCampaignWithMandatoryAndStatus" time="0.0">
    <ignored/>
  </testcase> <!-- createCampaignWithMandatoryAndStatus -->
  <testcase classname="com.ninza.crm.producttestpractice.CreateProductWithMandatoryFiledsUsingPOMRepositoryTest" name="createProductWithMandatoryFiledsUsingPOMRepositoryTest" time="0.0">
    <ignored/>
  </testcase> <!-- createProductWithMandatoryFiledsUsingPOMRepositoryTest -->
</testsuite> <!-- Test -->
